26-Jul-2020 14:35:06.956 INFO [main] org.apache.catalina.core.ApplicationContext.log 1 Spring WebApplicationInitializers detected on classpath
26-Jul-2020 14:35:07.673 INFO [main] org.apache.catalina.core.ApplicationContext.log ContextListener: contextInitialized()
26-Jul-2020 14:35:07.673 INFO [main] org.apache.catalina.core.ApplicationContext.log SessionListener: contextInitialized()
26-Jul-2020 14:35:07.673 INFO [main] org.apache.catalina.core.ApplicationContext.log ContextListener: attributeAdded('StockTicker', 'async.Stockticker@f4694f8')
26-Jul-2020 14:35:46.556 INFO [http-nio-8080-exec-3] org.apache.catalina.core.ApplicationContext.log 2 Spring WebApplicationInitializers detected on classpath
26-Jul-2020 14:35:47.757 INFO [http-nio-8080-exec-3] org.apache.catalina.core.ApplicationContext.log Initializing Spring embedded WebApplicationContext
26-Jul-2020 14:35:51.287 INFO [http-nio-8080-exec-6] org.apache.catalina.core.ApplicationContext.log Initializing Spring DispatcherServlet 'dispatcherServlet'
26-Jul-2020 19:44:48.243 INFO [main] org.apache.catalina.core.ApplicationContext.log 2 Spring WebApplicationInitializers detected on classpath
26-Jul-2020 19:44:49.913 INFO [main] org.apache.catalina.core.ApplicationContext.log Initializing Spring embedded WebApplicationContext
26-Jul-2020 19:44:51.366 INFO [main] org.apache.catalina.core.ApplicationContext.log ContextListener: contextInitialized()
26-Jul-2020 19:44:51.366 INFO [main] org.apache.catalina.core.ApplicationContext.log SessionListener: contextInitialized()
26-Jul-2020 19:44:51.369 INFO [main] org.apache.catalina.core.ApplicationContext.log ContextListener: attributeAdded('StockTicker', 'async.Stockticker@4a577b99')
26-Jul-2020 19:45:19.218 INFO [http-nio-8080-exec-4] org.apache.catalina.core.ApplicationContext.log Closing Spring root WebApplicationContext
26-Jul-2020 19:45:45.728 INFO [http-nio-8080-exec-8] org.apache.catalina.core.ApplicationContext.log 2 Spring WebApplicationInitializers detected on classpath
26-Jul-2020 19:45:46.959 INFO [http-nio-8080-exec-8] org.apache.catalina.core.ApplicationContext.log Initializing Spring embedded WebApplicationContext
26-Jul-2020 19:46:19.596 INFO [http-nio-8080-exec-11] org.apache.catalina.core.ApplicationContext.log Initializing Spring DispatcherServlet 'dispatcherServlet'
26-Jul-2020 19:48:05.030 INFO [main] org.apache.catalina.core.ApplicationContext.log 2 Spring WebApplicationInitializers detected on classpath
26-Jul-2020 19:48:06.601 INFO [main] org.apache.catalina.core.ApplicationContext.log Initializing Spring embedded WebApplicationContext
26-Jul-2020 19:48:08.074 INFO [main] org.apache.catalina.core.ApplicationContext.log ContextListener: contextInitialized()
26-Jul-2020 19:48:08.074 INFO [main] org.apache.catalina.core.ApplicationContext.log SessionListener: contextInitialized()
26-Jul-2020 19:48:08.075 INFO [main] org.apache.catalina.core.ApplicationContext.log ContextListener: attributeAdded('StockTicker', 'async.Stockticker@4e132a9b')
26-Jul-2020 19:48:38.321 INFO [http-nio-8080-exec-6] org.apache.catalina.core.ApplicationContext.log Initializing Spring DispatcherServlet 'dispatcherServlet'
